<?xml version="1.0" encoding="UTF-8"?>
<!-- Generated by org.testng.reporters.JUnitReportReporter -->
<testsuite skipped="0" hostname="santhu-PC" name="com.crm.qa.tests.HomePageTest" tests="3" failures="0" timestamp="18 Feb 2018 16:35:15 GMT" time="70.615" errors="0">
  <testcase name="tearDown" time="15.182" classname="com.crm.qa.tests.HomePageTest"/>
  <testcase name="verifyHomePageTitleTest" time="14.951" classname="com.crm.qa.tests.HomePageTest"/>
  <testcase name="clickOnContacts" time="40.482" classname="com.crm.qa.tests.HomePageTest"/>
</testsuite> <!-- com.crm.qa.tests.HomePageTest -->
