<?xml version="1.0" encoding="UTF-8"?>
<!-- Generated by org.testng.reporters.JUnitReportReporter -->
<testsuite skipped="0" hostname="santhu-PC" name="com.crm.qa.tests.ContactsPageTest" tests="6" failures="0" timestamp="18 Feb 2018 16:35:15 GMT" time="135.890" errors="0">
  <testcase name="createNewContactTest" time="22.167" classname="com.crm.qa.tests.ContactsPageTest"/>
  <testcase name="createNewContactTest" time="21.826" classname="com.crm.qa.tests.ContactsPageTest"/>
  <testcase name="createNewContactTest" time="21.044" classname="com.crm.qa.tests.ContactsPageTest"/>
  <testcase name="createNewContactTest" time="22.790" classname="com.crm.qa.tests.ContactsPageTest"/>
  <testcase name="createNewContactTest" time="26.023" classname="com.crm.qa.tests.ContactsPageTest"/>
  <testcase name="createNewContactTest" time="22.040" classname="com.crm.qa.tests.ContactsPageTest"/>
</testsuite> <!-- com.crm.qa.tests.ContactsPageTest -->
