<?xml version="1.0" encoding="UTF-8"?>
<!-- Generated by org.testng.reporters.JUnitReportReporter -->
<testsuite skipped="0" hostname="santhu-PC" name="com.crm.qa.tests.LoginPageTest" tests="2" failures="0" timestamp="18 Feb 2018 16:35:15 GMT" time="24.280" errors="0">
  <testcase name="TitleTest" time="8.907" classname="com.crm.qa.tests.LoginPageTest"/>
  <testcase name="login" time="15.373" classname="com.crm.qa.tests.LoginPageTest"/>
</testsuite> <!-- com.crm.qa.tests.LoginPageTest -->
