<?xml version="1.0" encoding="UTF-8"?>
<!-- Generated by org.testng.reporters.JUnitReportReporter -->
<testsuite skipped="0" hostname="santhu-PC" name="com.crm.qa.testData.HalfEbay" tests="5" failures="0" timestamp="17 Feb 2018 10:14:04 GMT" time="65.415" errors="0">
  <testcase name="halfebay" time="14.864" classname="com.crm.qa.testData.HalfEbay"/>
  <testcase name="halfebay" time="12.926" classname="com.crm.qa.testData.HalfEbay"/>
  <testcase name="halfebay" time="12.026" classname="com.crm.qa.testData.HalfEbay"/>
  <testcase name="halfebay" time="12.739" classname="com.crm.qa.testData.HalfEbay"/>
  <testcase name="halfebay" time="12.860" classname="com.crm.qa.testData.HalfEbay"/>
</testsuite> <!-- com.crm.qa.testData.HalfEbay -->
