<?xml version="1.0" encoding="UTF-8"?>
<!-- Generated by org.testng.reporters.JUnitReportReporter -->
<testsuite skipped="0" hostname="santhu-PC" name="com.crm.qa.tests.ContactsPageTest" tests="6" failures="0" timestamp="17 Feb 2018 17:48:59 GMT" time="142.734" errors="0">
  <testcase name="createNewContactTest" time="26.038" classname="com.crm.qa.tests.ContactsPageTest"/>
  <testcase name="createNewContactTest" time="24.617" classname="com.crm.qa.tests.ContactsPageTest"/>
  <testcase name="createNewContactTest" time="23.411" classname="com.crm.qa.tests.ContactsPageTest"/>
  <testcase name="createNewContactTest" time="22.854" classname="com.crm.qa.tests.ContactsPageTest"/>
  <testcase name="createNewContactTest" time="22.716" classname="com.crm.qa.tests.ContactsPageTest"/>
  <testcase name="createNewContactTest" time="23.098" classname="com.crm.qa.tests.ContactsPageTest"/>
</testsuite> <!-- com.crm.qa.tests.ContactsPageTest -->
