<?xml version="1.0" encoding="UTF-8"?>
<!-- Generated by org.testng.reporters.JUnitReportReporter -->
<testsuite skipped="0" hostname="santhu-PC" name="com.crm.qa.tests.LoginPageTest" tests="2" failures="0" timestamp="17 Feb 2018 17:48:59 GMT" time="31.055" errors="0">
  <testcase name="login" time="22.642" classname="com.crm.qa.tests.LoginPageTest"/>
  <testcase name="TitleTest" time="8.413" classname="com.crm.qa.tests.LoginPageTest"/>
</testsuite> <!-- com.crm.qa.tests.LoginPageTest -->
