<?xml version="1.0" encoding="UTF-8"?>
<!-- Generated by org.testng.reporters.JUnitReportReporter -->
<testsuite skipped="0" hostname="santhu-PC" name="com.crm.qa.tests.HomePageTest" tests="3" failures="0" timestamp="17 Feb 2018 17:48:59 GMT" time="47.345" errors="0">
  <testcase name="tearDown" time="16.701" classname="com.crm.qa.tests.HomePageTest"/>
  <testcase name="verifyHomePageTitleTest" time="13.328" classname="com.crm.qa.tests.HomePageTest"/>
  <testcase name="clickOnContacts" time="17.316" classname="com.crm.qa.tests.HomePageTest"/>
</testsuite> <!-- com.crm.qa.tests.HomePageTest -->
