<?xml version="1.0" encoding="UTF-8"?>
<!-- Generated by org.testng.reporters.JUnitReportReporter -->
<testsuite skipped="0" hostname="santhu-PC" name="com.crm.qa.tests.LoginPageTest" tests="2" failures="0" timestamp="17 Feb 2018 18:23:47 GMT" time="28.177" errors="0">
  <testcase name="login" time="16.231" classname="com.crm.qa.tests.LoginPageTest"/>
  <testcase name="TitleTest" time="11.946" classname="com.crm.qa.tests.LoginPageTest"/>
</testsuite> <!-- com.crm.qa.tests.LoginPageTest -->
