<?xml version="1.0" encoding="UTF-8"?>
<!-- Generated by org.testng.reporters.JUnitReportReporter -->
<testsuite skipped="0" hostname="santhu-PC" name="com.crm.qa.tests.ContactsPageTest" tests="6" failures="0" timestamp="17 Feb 2018 18:23:47 GMT" time="253.734" errors="0">
  <testcase name="createNewContactTest" time="26.114" classname="com.crm.qa.tests.ContactsPageTest"/>
  <testcase name="createNewContactTest" time="112.034" classname="com.crm.qa.tests.ContactsPageTest"/>
  <testcase name="createNewContactTest" time="29.046" classname="com.crm.qa.tests.ContactsPageTest"/>
  <testcase name="createNewContactTest" time="30.113" classname="com.crm.qa.tests.ContactsPageTest"/>
  <testcase name="createNewContactTest" time="29.554" classname="com.crm.qa.tests.ContactsPageTest"/>
  <testcase name="createNewContactTest" time="26.873" classname="com.crm.qa.tests.ContactsPageTest"/>
</testsuite> <!-- com.crm.qa.tests.ContactsPageTest -->
