<?xml version="1.0" encoding="UTF-8"?>
<!-- Generated by org.testng.reporters.JUnitReportReporter -->
<testsuite skipped="0" hostname="santhu-PC" name="com.crm.qa.tests.HomePageTest" tests="3" failures="0" timestamp="17 Feb 2018 18:23:47 GMT" time="60.754" errors="0">
  <testcase name="tearDown" time="22.358" classname="com.crm.qa.tests.HomePageTest"/>
  <testcase name="verifyHomePageTitleTest" time="19.007" classname="com.crm.qa.tests.HomePageTest"/>
  <testcase name="clickOnContacts" time="19.389" classname="com.crm.qa.tests.HomePageTest"/>
</testsuite> <!-- com.crm.qa.tests.HomePageTest -->
